ASSERTION	AAEBAAMFAAAAAAAAAAAA
RUN	ai.wand.simulations.SignUpSimulation	signupsimulation	1677957900010	 	3.9.0
USER	SignUp user scenario	START	1677957902493
REQUEST		Init login	1677957902517	1677957902829	OK	 
REQUEST		SignUp with credentials	1677957902957	1677957903577	OK	 
USER	SignUp user scenario	START	1677957904482
REQUEST		Init login	1677957904484	1677957904656	OK	 
REQUEST		SignUp with credentials	1677957904663	1677957905271	OK	 
REQUEST		Get table metrics	1677957906056	1677957906464	OK	 
USER	SignUp user scenario	START	1677957906481
REQUEST		Get box metrics	1677957906468	1677957906702	OK	 
REQUEST		Init login	1677957906482	1677957906745	OK	 
REQUEST		Get Solutions list	1677957906703	1677957906926	OK	 
USER	SignUp user scenario	END	1677957906934
USER	SignUp user scenario	START	1677957906935
REQUEST		Init login	1677957906936	1677957907233	OK	 
REQUEST		SignUp with credentials	1677957906751	1677957907323	OK	 
REQUEST		Get table metrics	1677957907395	1677957907678	OK	 
REQUEST		SignUp with credentials	1677957907239	1677957907817	OK	 
REQUEST		Get box metrics	1677957907682	1677957908055	OK	 
REQUEST		Get Solutions list	1677957908058	1677957908199	OK	 
USER	SignUp user scenario	END	1677957908202
USER	SignUp user scenario	START	1677957908203
REQUEST		Init login	1677957908204	1677957908450	OK	 
USER	SignUp user scenario	START	1677957908481
REQUEST		Init login	1677957908482	1677957908885	OK	 
REQUEST		SignUp with credentials	1677957908453	1677957908900	OK	 
REQUEST		SignUp with credentials	1677957908890	1677957909583	OK	 
REQUEST		Get table metrics	1677957909685	1677957909956	OK	 
REQUEST		Get box metrics	1677957909958	1677957910217	OK	 
REQUEST		Get Solutions list	1677957910219	1677957910442	OK	 
USER	SignUp user scenario	END	1677957910446
USER	SignUp user scenario	START	1677957910448
USER	SignUp user scenario	START	1677957910481
REQUEST		Init login	1677957910483	1677957910656	OK	 
REQUEST		Init login	1677957910450	1677957910706	OK	 
REQUEST		SignUp with credentials	1677957910712	1677957911187	OK	 
REQUEST		SignUp with credentials	1677957910661	1677957911244	OK	 
REQUEST		Get table metrics	1677957911151	1677957911396	OK	 
REQUEST		Get table metrics	1677957911278	1677957911438	OK	 
REQUEST		Get box metrics	1677957911397	1677957911620	OK	 
REQUEST		Get box metrics	1677957911439	1677957911727	OK	 
REQUEST		Get Solutions list	1677957911624	1677957911826	OK	 
USER	SignUp user scenario	END	1677957911829
USER	SignUp user scenario	START	1677957911830
REQUEST		Get Solutions list	1677957911729	1677957911852	OK	 
USER	SignUp user scenario	END	1677957911854
USER	SignUp user scenario	START	1677957911855
REQUEST		Init login	1677957911856	1677957912046	OK	 
REQUEST		Init login	1677957911831	1677957912129	OK	 
REQUEST		SignUp with credentials	1677957912050	1677957912773	OK	 
REQUEST		SignUp with credentials	1677957912132	1677957912863	OK	 
REQUEST		Get table metrics	1677957912774	1677957913002	OK	 
REQUEST		Get box metrics	1677957913004	1677957913283	OK	 
REQUEST		Get Solutions list	1677957913286	1677957913629	OK	 
USER	SignUp user scenario	END	1677957913635
USER	SignUp user scenario	START	1677957913637
REQUEST		Init login	1677957913638	1677957913937	OK	 
REQUEST		Get table metrics	1677957913865	1677957914476	OK	 
REQUEST		SignUp with credentials	1677957913945	1677957914531	OK	 
REQUEST		Get table metrics	1677957914236	1677957914601	OK	 
REQUEST		Get box metrics	1677957914478	1677957914835	OK	 
REQUEST		Get box metrics	1677957914603	1677957914972	OK	 
REQUEST		Get Solutions list	1677957914838	1677957915127	OK	 
USER	SignUp user scenario	END	1677957915129
USER	SignUp user scenario	START	1677957915130
REQUEST		Get Solutions list	1677957914974	1677957915188	OK	 
USER	SignUp user scenario	END	1677957915192
USER	SignUp user scenario	START	1677957915193
REQUEST		Init login	1677957915193	1677957915411	OK	 
REQUEST		Init login	1677957915131	1677957915455	OK	 
REQUEST		Get table metrics	1677957915552	1677957915800	OK	 
REQUEST		Get box metrics	1677957915803	1677957915994	OK	 
REQUEST		SignUp with credentials	1677957915458	1677957916128	OK	 
REQUEST		SignUp with credentials	1677957915417	1677957916197	OK	 
REQUEST		Get table metrics	1677957915801	1677957916269	OK	 
REQUEST		Get Solutions list	1677957915997	1677957916347	OK	 
USER	SignUp user scenario	END	1677957916349
USER	SignUp user scenario	START	1677957916350
REQUEST		Get box metrics	1677957916271	1677957916590	OK	 
REQUEST		Get Solutions list	1677957916592	1677957916732	OK	 
USER	SignUp user scenario	END	1677957916738
USER	SignUp user scenario	START	1677957916739
REQUEST		Init login	1677957916351	1677957916743	OK	 
REQUEST		Init login	1677957916740	1677957916964	OK	 
REQUEST		SignUp with credentials	1677957916748	1677957917193	OK	 
REQUEST		Get table metrics	1677957917203	1677957917472	OK	 
REQUEST		SignUp with credentials	1677957916969	1677957917524	OK	 
REQUEST		Get box metrics	1677957917474	1677957917591	OK	 
REQUEST		Get Solutions list	1677957917593	1677957917841	OK	 
USER	SignUp user scenario	END	1677957917843
USER	SignUp user scenario	START	1677957917844
REQUEST		Init login	1677957917845	1677957918265	OK	 
REQUEST		SignUp with credentials	1677957918270	1677957918716	OK	 
REQUEST		Get table metrics	1677957918462	1677957918738	OK	 
REQUEST		Get table metrics	1677957918811	1677957918954	OK	 
REQUEST		Get box metrics	1677957918956	1677957919094	OK	 
REQUEST		Get box metrics	1677957918741	1677957919100	OK	 
REQUEST		Get Solutions list	1677957919096	1677957919207	OK	 
USER	SignUp user scenario	END	1677957919212
USER	SignUp user scenario	START	1677957919213
REQUEST		Get Solutions list	1677957919102	1677957919362	OK	 
USER	SignUp user scenario	END	1677957919365
USER	SignUp user scenario	START	1677957919366
REQUEST		Init login	1677957919214	1677957919462	OK	 
REQUEST		Init login	1677957919366	1677957919565	OK	 
REQUEST		SignUp with credentials	1677957919467	1677957920001	OK	 
REQUEST		SignUp with credentials	1677957919568	1677957920167	OK	 
REQUEST		Get table metrics	1677957920122	1677957920276	OK	 
REQUEST		Get box metrics	1677957920279	1677957920440	OK	 
REQUEST		Get table metrics	1677957920441	1677957920730	OK	 
REQUEST		Get Solutions list	1677957920441	1677957920842	OK	 
USER	SignUp user scenario	END	1677957920847
USER	SignUp user scenario	START	1677957920848
REQUEST		Get box metrics	1677957920732	1677957920875	OK	 
REQUEST		Init login	1677957920849	1677957921094	OK	 
REQUEST		Get Solutions list	1677957920876	1677957921124	OK	 
USER	SignUp user scenario	END	1677957921126
USER	SignUp user scenario	START	1677957921127
REQUEST		Init login	1677957921127	1677957921688	OK	 
REQUEST		SignUp with credentials	1677957921099	1677957921789	OK	 
REQUEST		Get table metrics	1677957921645	1677957922256	OK	 
REQUEST		SignUp with credentials	1677957921691	1677957922268	OK	 
REQUEST		Get box metrics	1677957922257	1677957922403	OK	 
USER	SignUp user scenario	START	1677957922483
REQUEST		Get Solutions list	1677957922406	1677957922512	OK	 
USER	SignUp user scenario	END	1677957922516
USER	SignUp user scenario	START	1677957922517
REQUEST		Init login	1677957922518	1677957922800	OK	 
REQUEST		Init login	1677957922484	1677957922904	OK	 
REQUEST		Get table metrics	1677957923185	1677957923326	OK	 
REQUEST		SignUp with credentials	1677957922805	1677957923385	OK	 
REQUEST		SignUp with credentials	1677957922909	1677957923490	OK	 
REQUEST		Get box metrics	1677957923328	1677957923592	OK	 
REQUEST		Get table metrics	1677957923434	1677957923816	OK	 
REQUEST		Get Solutions list	1677957923594	1677957923921	OK	 
USER	SignUp user scenario	END	1677957923925
USER	SignUp user scenario	START	1677957923926
REQUEST		Get box metrics	1677957923817	1677957923945	OK	 
REQUEST		Get Solutions list	1677957923948	1677957924193	OK	 
USER	SignUp user scenario	END	1677957924197
USER	SignUp user scenario	START	1677957924198
REQUEST		Init login	1677957923927	1677957924324	OK	 
USER	SignUp user scenario	START	1677957924479
REQUEST		Init login	1677957924199	1677957924494	OK	 
REQUEST		Init login	1677957924480	1677957924805	OK	 
REQUEST		Get table metrics	1677957924552	1677957924946	OK	 
REQUEST		SignUp with credentials	1677957924329	1677957925022	OK	 
REQUEST		SignUp with credentials	1677957924496	1677957925024	OK	 
REQUEST		Get table metrics	1677957924917	1677957925085	OK	 
REQUEST		Get box metrics	1677957924949	1677957925335	OK	 
REQUEST		Get box metrics	1677957925087	1677957925401	OK	 
REQUEST		SignUp with credentials	1677957924807	1677957925466	OK	 
REQUEST		Get Solutions list	1677957925337	1677957925602	OK	 
USER	SignUp user scenario	END	1677957925604
USER	SignUp user scenario	START	1677957925604
REQUEST		Get Solutions list	1677957925403	1677957925740	OK	 
USER	SignUp user scenario	END	1677957925744
USER	SignUp user scenario	START	1677957925745
REQUEST		Init login	1677957925605	1677957925801	OK	 
REQUEST		Init login	1677957925746	1677957926296	OK	 
REQUEST		SignUp with credentials	1677957925805	1677957926388	OK	 
REQUEST		Get table metrics	1677957926163	1677957926431	OK	 
USER	SignUp user scenario	START	1677957926480
REQUEST		Get table metrics	1677957926466	1677957926590	OK	 
REQUEST		Get box metrics	1677957926592	1677957926716	OK	 
REQUEST		Get box metrics	1677957926433	1677957926863	OK	 
REQUEST		SignUp with credentials	1677957926300	1677957926873	OK	 
REQUEST		Init login	1677957926481	1677957926970	OK	 
REQUEST		Get Solutions list	1677957926720	1677957926985	OK	 
USER	SignUp user scenario	END	1677957926988
USER	SignUp user scenario	START	1677957926988
REQUEST		Get Solutions list	1677957926865	1677957927120	OK	 
USER	SignUp user scenario	END	1677957927124
USER	SignUp user scenario	START	1677957927125
REQUEST		Init login	1677957926989	1677957927281	OK	 
REQUEST		Init login	1677957927126	1677957927397	OK	 
REQUEST		SignUp with credentials	1677957926974	1677957927415	OK	 
REQUEST		SignUp with credentials	1677957927283	1677957927861	OK	 
REQUEST		SignUp with credentials	1677957927400	1677957927941	OK	 
REQUEST		Get table metrics	1677957927794	1677957928073	OK	 
REQUEST		Get box metrics	1677957928076	1677957928197	OK	 
REQUEST		Get table metrics	1677957928085	1677957928354	OK	 
REQUEST		Get Solutions list	1677957928198	1677957928464	OK	 
USER	SignUp user scenario	END	1677957928467
USER	SignUp user scenario	START	1677957928468
USER	SignUp user scenario	START	1677957928481
REQUEST		Init login	1677957928469	1677957928610	OK	 
REQUEST		Get box metrics	1677957928356	1677957928616	OK	 
REQUEST		Get table metrics	1677957928586	1677957928711	OK	 
REQUEST		Init login	1677957928482	1677957928797	OK	 
REQUEST		Get Solutions list	1677957928617	1677957928808	OK	 
USER	SignUp user scenario	END	1677957928812
USER	SignUp user scenario	START	1677957928812
REQUEST		Get box metrics	1677957928712	1677957928977	OK	 
REQUEST		SignUp with credentials	1677957928612	1677957929078	OK	 
REQUEST		Get Solutions list	1677957928978	1677957929094	OK	 
USER	SignUp user scenario	END	1677957929096
USER	SignUp user scenario	START	1677957929096
REQUEST		Init login	1677957928812	1677957929199	OK	 
REQUEST		Init login	1677957929097	1677957929254	OK	 
REQUEST		SignUp with credentials	1677957928801	1677957929416	OK	 
REQUEST		SignUp with credentials	1677957929202	1677957929800	OK	 
REQUEST		SignUp with credentials	1677957929256	1677957929866	OK	 
REQUEST		Get table metrics	1677957929704	1677957929981	OK	 
REQUEST		Get box metrics	1677957929982	1677957930244	OK	 
REQUEST		Get table metrics	1677957930154	1677957930427	OK	 
USER	SignUp user scenario	START	1677957930483
REQUEST		Get table metrics	1677957930297	1677957930564	OK	 
REQUEST		Get Solutions list	1677957930246	1677957930667	OK	 
USER	SignUp user scenario	END	1677957930669
USER	SignUp user scenario	START	1677957930669
REQUEST		Get box metrics	1677957930429	1677957930799	OK	 
REQUEST		Init login	1677957930484	1677957930837	OK	 
REQUEST		Get box metrics	1677957930566	1677957930865	OK	 
REQUEST		Init login	1677957930669	1677957930963	OK	 
REQUEST		Get Solutions list	1677957930801	1677957931052	OK	 
USER	SignUp user scenario	END	1677957931054
USER	SignUp user scenario	START	1677957931054
REQUEST		Get Solutions list	1677957930868	1677957931222	OK	 
USER	SignUp user scenario	END	1677957931224
USER	SignUp user scenario	START	1677957931226
REQUEST		Init login	1677957931226	1677957931364	OK	 
REQUEST		SignUp with credentials	1677957930842	1677957931422	OK	 
REQUEST		SignUp with credentials	1677957930965	1677957931518	OK	 
REQUEST		Init login	1677957931055	1677957931567	OK	 
REQUEST		SignUp with credentials	1677957931366	1677957932014	OK	 
REQUEST		Get table metrics	1677957931618	1677957932077	OK	 
REQUEST		SignUp with credentials	1677957931570	1677957932196	OK	 
REQUEST		Get table metrics	1677957931974	1677957932239	OK	 
REQUEST		Get box metrics	1677957932080	1677957932333	OK	 
REQUEST		Get box metrics	1677957932240	1677957932492	OK	 
REQUEST		Get table metrics	1677957932252	1677957932626	OK	 
REQUEST		Get Solutions list	1677957932335	1677957932740	OK	 
USER	SignUp user scenario	END	1677957932742
USER	SignUp user scenario	START	1677957932742
REQUEST		Get Solutions list	1677957932494	1677957932841	OK	 
USER	SignUp user scenario	END	1677957932845
USER	SignUp user scenario	START	1677957932846
REQUEST		Get table metrics	1677957932610	1677957932882	OK	 
REQUEST		Get box metrics	1677957932627	1677957932962	OK	 
REQUEST		Init login	1677957932743	1677957933042	OK	 
REQUEST		Init login	1677957932846	1677957933138	OK	 
REQUEST		Get box metrics	1677957932884	1677957933148	OK	 
REQUEST		Get Solutions list	1677957932963	1677957933249	OK	 
USER	SignUp user scenario	END	1677957933250
USER	SignUp user scenario	START	1677957933251
REQUEST		Get Solutions list	1677957933151	1677957933395	OK	 
USER	SignUp user scenario	END	1677957933397
USER	SignUp user scenario	START	1677957933398
REQUEST		Init login	1677957933251	1677957933544	OK	 
REQUEST		Init login	1677957933400	1677957933633	OK	 
REQUEST		SignUp with credentials	1677957933047	1677957933748	OK	 
REQUEST		SignUp with credentials	1677957933142	1677957933855	OK	 
REQUEST		Get table metrics	1677957933829	1677957934078	OK	 
REQUEST		SignUp with credentials	1677957933635	1677957934151	OK	 
REQUEST		SignUp with credentials	1677957933545	1677957934172	OK	 
REQUEST		Get box metrics	1677957934079	1677957934342	OK	 
REQUEST		Get table metrics	1677957934145	1677957934469	OK	 
REQUEST		Get table metrics	1677957934460	1677957934596	OK	 
REQUEST		Get box metrics	1677957934470	1677957934605	OK	 
REQUEST		Get Solutions list	1677957934345	1677957934606	OK	 
USER	SignUp user scenario	END	1677957934608
USER	SignUp user scenario	START	1677957934608
REQUEST		Get box metrics	1677957934597	1677957934859	OK	 
REQUEST		Get Solutions list	1677957934606	1677957934961	OK	 
USER	SignUp user scenario	END	1677957934964
USER	SignUp user scenario	START	1677957934964
REQUEST		Init login	1677957934609	1677957935065	OK	 
REQUEST		Get Solutions list	1677957934861	1677957935127	OK	 
USER	SignUp user scenario	END	1677957935129
USER	SignUp user scenario	START	1677957935130
REQUEST		Init login	1677957934965	1677957935242	OK	 
REQUEST		Get table metrics	1677957934985	1677957935253	OK	 
REQUEST		Init login	1677957935130	1677957935381	OK	 
REQUEST		SignUp with credentials	1677957935070	1677957935553	OK	 
REQUEST		Get box metrics	1677957935254	1677957935681	OK	 
REQUEST		SignUp with credentials	1677957935246	1677957935843	OK	 
REQUEST		Get Solutions list	1677957935683	1677957935932	OK	 
USER	SignUp user scenario	END	1677957935935
USER	SignUp user scenario	START	1677957935935
REQUEST		SignUp with credentials	1677957935384	1677957936148	OK	 
REQUEST		Init login	1677957935936	1677957936256	OK	 
REQUEST		Get table metrics	1677957936044	1677957936393	OK	 
REQUEST		Get table metrics	1677957936404	1677957936531	OK	 
REQUEST		Get box metrics	1677957936396	1677957936717	OK	 
REQUEST		Get box metrics	1677957936532	1677957936841	OK	 
REQUEST		SignUp with credentials	1677957936260	1677957936843	OK	 
REQUEST		Get Solutions list	1677957936719	1677957936973	OK	 
USER	SignUp user scenario	END	1677957936974
USER	SignUp user scenario	START	1677957936975
REQUEST		Get table metrics	1677957936814	1677957937078	OK	 
REQUEST		Get Solutions list	1677957936844	1677957937084	OK	 
USER	SignUp user scenario	END	1677957937087
USER	SignUp user scenario	START	1677957937088
REQUEST		Get table metrics	1677957937042	1677957937176	OK	 
REQUEST		Get box metrics	1677957937080	1677957937187	OK	 
REQUEST		Init login	1677957936975	1677957937274	OK	 
REQUEST		Get Solutions list	1677957937188	1677957937295	OK	 
USER	SignUp user scenario	END	1677957937297
USER	SignUp user scenario	START	1677957937297
REQUEST		Get box metrics	1677957937178	1677957937368	OK	 
REQUEST		Init login	1677957937089	1677957937373	OK	 
REQUEST		Get Solutions list	1677957937371	1677957937619	OK	 
USER	SignUp user scenario	END	1677957937620
USER	SignUp user scenario	START	1677957937621
REQUEST		Init login	1677957937297	1677957937856	OK	 
REQUEST		SignUp with credentials	1677957937275	1677957937862	OK	 
REQUEST		Init login	1677957937621	1677957937915	OK	 
REQUEST		SignUp with credentials	1677957937376	1677957938067	OK	 
REQUEST		SignUp with credentials	1677957937860	1677957938438	OK	 
REQUEST		Get table metrics	1677957938221	1677957938500	OK	 
REQUEST		SignUp with credentials	1677957937919	1677957938514	OK	 
REQUEST		Get box metrics	1677957938501	1677957938760	OK	 
REQUEST		Get table metrics	1677957938608	1677957938884	OK	 
REQUEST		Get box metrics	1677957938885	1677957939007	OK	 
REQUEST		Get Solutions list	1677957938762	1677957939010	OK	 
USER	SignUp user scenario	END	1677957939012
USER	SignUp user scenario	START	1677957939012
REQUEST		Get table metrics	1677957938879	1677957939019	OK	 
REQUEST		Get box metrics	1677957939020	1677957939141	OK	 
REQUEST		Get Solutions list	1677957939142	1677957939248	OK	 
USER	SignUp user scenario	END	1677957939250
USER	SignUp user scenario	START	1677957939250
REQUEST		Get Solutions list	1677957939009	1677957939256	OK	 
USER	SignUp user scenario	END	1677957939257
USER	SignUp user scenario	START	1677957939258
REQUEST		Get table metrics	1677957939144	1677957939266	OK	 
REQUEST		Init login	1677957939013	1677957939363	OK	 
REQUEST		Get box metrics	1677957939267	1677957939519	OK	 
REQUEST		Init login	1677957939258	1677957939578	OK	 
REQUEST		Init login	1677957939251	1677957939617	OK	 
REQUEST		Get table metrics	1677957939461	1677957939784	OK	 
REQUEST		Get Solutions list	1677957939521	1677957939805	OK	 
USER	SignUp user scenario	END	1677957939808
USER	SignUp user scenario	START	1677957939809
REQUEST		Get box metrics	1677957939787	1677957940109	OK	 
REQUEST		SignUp with credentials	1677957939581	1677957940151	OK	 
REQUEST		SignUp with credentials	1677957939364	1677957940167	OK	 
REQUEST		Init login	1677957939809	1677957940217	OK	 
REQUEST		SignUp with credentials	1677957939619	1677957940355	OK	 
REQUEST		Get Solutions list	1677957940110	1677957940361	OK	 
USER	SignUp user scenario	END	1677957940364
USER	SignUp user scenario	START	1677957940365
REQUEST		Init login	1677957940365	1677957940646	OK	 
REQUEST		SignUp with credentials	1677957940221	1677957940804	OK	 
REQUEST		Get table metrics	1677957940723	1677957941004	OK	 
REQUEST		Get box metrics	1677957941006	1677957941134	OK	 
REQUEST		SignUp with credentials	1677957940648	1677957941224	OK	 
REQUEST		Get table metrics	1677957941026	1677957941293	OK	 
REQUEST		Get Solutions list	1677957941136	1677957941399	OK	 
USER	SignUp user scenario	END	1677957941401
USER	SignUp user scenario	START	1677957941402
REQUEST		Get box metrics	1677957941296	1677957941553	OK	 
REQUEST		Get table metrics	1677957941371	1677957941696	OK	 
REQUEST		Init login	1677957941403	1677957941802	OK	 
REQUEST		Get Solutions list	1677957941555	1677957941863	OK	 
USER	SignUp user scenario	END	1677957941867
REQUEST		Get table metrics	1677957941727	1677957942028	OK	 
REQUEST		Get box metrics	1677957941697	1677957942037	OK	 
REQUEST		Get table metrics	1677957941971	1677957942237	OK	 
REQUEST		Get box metrics	1677957942029	1677957942316	OK	 
REQUEST		Get Solutions list	1677957942039	1677957942341	OK	 
USER	SignUp user scenario	END	1677957942344
REQUEST		SignUp with credentials	1677957941806	1677957942406	OK	 
REQUEST		Get box metrics	1677957942239	1677957942511	OK	 
REQUEST		Get Solutions list	1677957942318	1677957942572	OK	 
USER	SignUp user scenario	END	1677957942575
REQUEST		Get Solutions list	1677957942512	1677957942762	OK	 
USER	SignUp user scenario	END	1677957942764
REQUEST		Get table metrics	1677957943330	1677957943601	OK	 
REQUEST		Get table metrics	1677957943464	1677957943722	OK	 
REQUEST		Get box metrics	1677957943604	1677957943869	OK	 
REQUEST		Get box metrics	1677957943724	1677957943991	OK	 
REQUEST		Get table metrics	1677957943814	1677957944114	OK	 
REQUEST		Get Solutions list	1677957943871	1677957944228	OK	 
USER	SignUp user scenario	END	1677957944230
REQUEST		Get Solutions list	1677957943993	1677957944253	OK	 
USER	SignUp user scenario	END	1677957944256
REQUEST		Get table metrics	1677957944099	1677957944379	OK	 
REQUEST		Get box metrics	1677957944115	1677957944379	OK	 
REQUEST		Get box metrics	1677957944381	1677957944640	OK	 
REQUEST		Get Solutions list	1677957944381	1677957944778	OK	 
USER	SignUp user scenario	END	1677957944780
REQUEST		Get Solutions list	1677957944642	1677957944904	OK	 
USER	SignUp user scenario	END	1677957944907
REQUEST		Get table metrics	1677957944387	1677957944909	OK	 
REQUEST		Get box metrics	1677957944910	1677957945570	OK	 
REQUEST		Get Solutions list	1677957945573	1677957945914	OK	 
USER	SignUp user scenario	END	1677957945916
REQUEST		Get table metrics	1677957947831	1677957948115	OK	 
REQUEST		Get box metrics	1677957948117	1677957948479	OK	 
REQUEST		Get Solutions list	1677957948480	1677957948738	OK	 
USER	SignUp user scenario	END	1677957948741
