ASSERTION	AAEBAAMFAAAAAAAAAAAA
RUN	ai.wand.simulations.CreateAndRunPipelineSimulation	createandrunpipelinesimulation	1677754620994	 	3.9.0
USER	Create and run a pipeline	START	1677754621869
REQUEST		Init login	1677754621866	1677754622007	OK	 
REQUEST		Login with credentials	1677754622111	1677754622480	OK	 
REQUEST		Get table metrics	1677754622483	1677754622709	OK	 
REQUEST		Get box metrics	1677754622712	1677754622795	OK	 
REQUEST		Get Solutions list	1677754622797	1677754622877	OK	 
REQUEST		Create solution	1677754623895	1677754623976	OK	 
REQUEST		Create AI Task	1677754624980	1677754625075	OK	 
REQUEST		Create training env	1677754626087	1677754626197	OK	 
REQUEST		Get upload file url	1677754626199	1677754626466	OK	 
REQUEST		Upload file	1677754626470	1677754626850	OK	 
REQUEST		Create file node	1677754626859	1677754627460	OK	 
REQUEST		Get Sneekpeak	1677754627463	1677754628120	OK	 
REQUEST		Save the pipeline	1677754628124	1677754628208	OK	 
REQUEST		Run the pipeline	1677754628210	1677754628677	OK	 
REQUEST		Get run status	1677754628684	1677754629764	OK	 
REQUEST		User 1 wait for pipeline to COMPLETE	1677754629773	1677754630858	OK	 
REQUEST		User 1 wait for pipeline to COMPLETE	1677754640864	1677754641979	OK	 
REQUEST		User 1 wait for pipeline to COMPLETE	1677754651986	1677754653075	OK	 
REQUEST		User 1 wait for pipeline to COMPLETE	1677754663092	1677754664185	OK	 
REQUEST		User 1 wait for pipeline to COMPLETE	1677754674195	1677754675277	OK	 
REQUEST		User 1 wait for pipeline to COMPLETE	1677754685295	1677754686409	OK	 
REQUEST		User 1 wait for pipeline to COMPLETE	1677754696425	1677754697508	OK	 
REQUEST		User 1 wait for pipeline to COMPLETE	1677754707515	1677754708600	OK	 
REQUEST		User 1 wait for pipeline to COMPLETE	1677754718614	1677754719713	OK	 
REQUEST		User 1 wait for pipeline to COMPLETE	1677754729718	1677754729806	OK	 
REQUEST		Get run box results	1677754739820	1677754739908	OK	 
REQUEST		Get run table results	1677754739910	1677754739979	OK	 
REQUEST		Get 10 run table data items	1677754739981	1677754742257	OK	 
USER	Create and run a pipeline	END	1677754742261
