ASSERTION	AAEBAAMFAAAAAAAAAAAA
RUN	ai.wand.simulations.SignUpSimulation	signupsimulation	1678000129616	 	3.9.0
USER	SignUp user scenario	START	1678000131535
REQUEST		Init login	1678000131558	1678000131866	OK	 
REQUEST		SignUp with credentials	1678000131991	1678000132618	OK	 
USER	SignUp user scenario	START	1678000133528
REQUEST		Init login	1678000133529	1678000133851	OK	 
REQUEST		SignUp with credentials	1678000133863	1678000134447	OK	 
USER	SignUp user scenario	START	1678000135532
REQUEST		Get table metrics	1678000135358	1678000135632	OK	 
REQUEST		Init login	1678000135533	1678000135831	OK	 
REQUEST		Get box metrics	1678000135639	1678000135941	OK	 
REQUEST		SignUp with credentials	1678000135839	1678000136408	OK	 
REQUEST		Get Solutions list	1678000135946	1678000136449	OK	 
USER	SignUp user scenario	END	1678000136459
USER	SignUp user scenario	START	1678000136461
REQUEST		Init login	1678000136462	1678000136755	OK	 
REQUEST		Get table metrics	1678000136619	1678000136892	OK	 
REQUEST		SignUp with credentials	1678000136763	1678000137358	OK	 
REQUEST		Get box metrics	1678000136895	1678000137399	OK	 
USER	SignUp user scenario	START	1678000137530
REQUEST		Get Solutions list	1678000137402	1678000137670	OK	 
USER	SignUp user scenario	END	1678000137673
USER	SignUp user scenario	START	1678000137673
REQUEST		Init login	1678000137532	1678000137824	OK	 
REQUEST		Init login	1678000137674	1678000137973	OK	 
REQUEST		SignUp with credentials	1678000137830	1678000138439	OK	 
REQUEST		SignUp with credentials	1678000137979	1678000138550	OK	 
REQUEST		Get table metrics	1678000138789	1678000139050	OK	 
REQUEST		Get box metrics	1678000139052	1678000139167	OK	 
REQUEST		Get Solutions list	1678000139170	1678000139415	OK	 
USER	SignUp user scenario	END	1678000139419
USER	SignUp user scenario	START	1678000139420
USER	SignUp user scenario	START	1678000139529
REQUEST		Init login	1678000139421	1678000139730	OK	 
REQUEST		Init login	1678000139530	1678000139834	OK	 
REQUEST		SignUp with credentials	1678000139736	1678000140177	OK	 
REQUEST		SignUp with credentials	1678000139840	1678000140413	OK	 
REQUEST		Get table metrics	1678000140131	1678000140532	OK	 
REQUEST		Get box metrics	1678000140534	1678000140824	OK	 
REQUEST		Get Solutions list	1678000140827	1678000141076	OK	 
USER	SignUp user scenario	END	1678000141080
USER	SignUp user scenario	START	1678000141082
REQUEST		Init login	1678000141083	1678000141379	OK	 
REQUEST		Get table metrics	1678000141742	1678000141884	OK	 
REQUEST		SignUp with credentials	1678000141386	1678000141982	OK	 
REQUEST		Get box metrics	1678000141887	1678000142005	OK	 
REQUEST		Get table metrics	1678000141864	1678000142129	OK	 
REQUEST		Get Solutions list	1678000142009	1678000142256	OK	 
USER	SignUp user scenario	END	1678000142260
USER	SignUp user scenario	START	1678000142261
REQUEST		Get box metrics	1678000142132	1678000142385	OK	 
REQUEST		Init login	1678000142262	1678000142553	OK	 
REQUEST		Get Solutions list	1678000142388	1678000142658	OK	 
USER	SignUp user scenario	END	1678000142663
USER	SignUp user scenario	START	1678000142664
REQUEST		Init login	1678000142665	1678000142960	OK	 
REQUEST		SignUp with credentials	1678000142557	1678000143145	OK	 
REQUEST		Get table metrics	1678000142994	1678000143312	OK	 
REQUEST		SignUp with credentials	1678000142965	1678000143542	OK	 
REQUEST		Get box metrics	1678000143316	1678000143568	OK	 
REQUEST		Get table metrics	1678000143417	1678000143681	OK	 
REQUEST		Get box metrics	1678000143684	1678000143794	OK	 
REQUEST		Get Solutions list	1678000143571	1678000143808	OK	 
USER	SignUp user scenario	END	1678000143814
USER	SignUp user scenario	START	1678000143815
REQUEST		Get Solutions list	1678000143797	1678000144036	OK	 
USER	SignUp user scenario	END	1678000144039
USER	SignUp user scenario	START	1678000144039
REQUEST		Init login	1678000143817	1678000144140	OK	 
REQUEST		Init login	1678000144040	1678000144318	OK	 
REQUEST		SignUp with credentials	1678000144145	1678000144839	OK	 
REQUEST		SignUp with credentials	1678000144323	1678000144856	OK	 
REQUEST		Get table metrics	1678000144621	1678000144896	OK	 
REQUEST		Get box metrics	1678000144899	1678000145186	OK	 
REQUEST		Get Solutions list	1678000145190	1678000145471	OK	 
USER	SignUp user scenario	END	1678000145475
USER	SignUp user scenario	START	1678000145476
REQUEST		Init login	1678000145477	1678000145775	OK	 
REQUEST		SignUp with credentials	1678000145781	1678000146363	OK	 
REQUEST		Get table metrics	1678000145926	1678000146443	OK	 
REQUEST		Get table metrics	1678000146315	1678000146581	OK	 
REQUEST		Get box metrics	1678000146446	1678000146697	OK	 
REQUEST		Get box metrics	1678000146584	1678000146892	OK	 
REQUEST		Get Solutions list	1678000146700	1678000146998	OK	 
USER	SignUp user scenario	END	1678000147003
USER	SignUp user scenario	START	1678000147004
REQUEST		Get Solutions list	1678000146896	1678000147138	OK	 
USER	SignUp user scenario	END	1678000147143
USER	SignUp user scenario	START	1678000147144
REQUEST		Init login	1678000147006	1678000147294	OK	 
REQUEST		Init login	1678000147145	1678000147420	OK	 
REQUEST		Get table metrics	1678000147744	1678000147862	OK	 
REQUEST		SignUp with credentials	1678000147297	1678000147867	OK	 
REQUEST		Get table metrics	1678000147467	1678000147971	OK	 
REQUEST		Get box metrics	1678000147864	1678000148125	OK	 
REQUEST		SignUp with credentials	1678000147423	1678000148167	OK	 
REQUEST		Get box metrics	1678000147973	1678000148279	OK	 
REQUEST		Get Solutions list	1678000148128	1678000148373	OK	 
USER	SignUp user scenario	END	1678000148377
USER	SignUp user scenario	START	1678000148377
REQUEST		Get Solutions list	1678000148280	1678000148527	OK	 
USER	SignUp user scenario	END	1678000148531
USER	SignUp user scenario	START	1678000148532
REQUEST		Init login	1678000148378	1678000148673	OK	 
REQUEST		Init login	1678000148533	1678000148815	OK	 
REQUEST		SignUp with credentials	1678000148676	1678000149257	OK	 
REQUEST		Get table metrics	1678000149117	1678000149372	OK	 
REQUEST		SignUp with credentials	1678000148818	1678000149497	OK	 
REQUEST		Get box metrics	1678000149375	1678000149627	OK	 
REQUEST		Get Solutions list	1678000149629	1678000149884	OK	 
USER	SignUp user scenario	END	1678000149887
USER	SignUp user scenario	START	1678000149888
REQUEST		Init login	1678000149888	1678000150177	OK	 
REQUEST		SignUp with credentials	1678000150181	1678000150756	OK	 
REQUEST		Get table metrics	1678000150626	1678000150891	OK	 
REQUEST		Get table metrics	1678000150779	1678000151046	OK	 
REQUEST		Get box metrics	1678000150894	1678000151154	OK	 
REQUEST		Get Solutions list	1678000151157	1678000151261	OK	 
USER	SignUp user scenario	END	1678000151282
USER	SignUp user scenario	START	1678000151283
REQUEST		Get box metrics	1678000151048	1678000151295	OK	 
REQUEST		Get Solutions list	1678000151301	1678000151418	OK	 
USER	SignUp user scenario	END	1678000151422
USER	SignUp user scenario	START	1678000151424
USER	SignUp user scenario	START	1678000151527
REQUEST		Init login	1678000151283	1678000151569	OK	 
REQUEST		Init login	1678000151425	1678000151708	OK	 
REQUEST		Init login	1678000151528	1678000152065	OK	 
REQUEST		Get table metrics	1678000151999	1678000152132	OK	 
REQUEST		SignUp with credentials	1678000151572	1678000152138	OK	 
REQUEST		SignUp with credentials	1678000151713	1678000152531	OK	 
REQUEST		Get box metrics	1678000152135	1678000152643	OK	 
REQUEST		Get table metrics	1678000152386	1678000152658	OK	 
REQUEST		SignUp with credentials	1678000152068	1678000152671	OK	 
REQUEST		Get Solutions list	1678000152646	1678000152888	OK	 
USER	SignUp user scenario	END	1678000152891
USER	SignUp user scenario	START	1678000152892
REQUEST		Get box metrics	1678000152661	1678000152996	OK	 
REQUEST		Init login	1678000152893	1678000153182	OK	 
REQUEST		Get Solutions list	1678000152999	1678000153292	OK	 
USER	SignUp user scenario	END	1678000153296
USER	SignUp user scenario	START	1678000153296
USER	SignUp user scenario	START	1678000153528
REQUEST		SignUp with credentials	1678000153186	1678000153763	OK	 
REQUEST		Init login	1678000153297	1678000153819	OK	 
REQUEST		Init login	1678000153530	1678000153874	OK	 
REQUEST		Get table metrics	1678000153757	1678000154029	OK	 
REQUEST		Get box metrics	1678000154033	1678000154280	OK	 
REQUEST		SignUp with credentials	1678000153822	1678000154457	OK	 
REQUEST		SignUp with credentials	1678000153878	1678000154516	OK	 
REQUEST		Get Solutions list	1678000154285	1678000154529	OK	 
USER	SignUp user scenario	END	1678000154533
USER	SignUp user scenario	START	1678000154534
REQUEST		Init login	1678000154535	1678000154813	OK	 
USER	SignUp user scenario	START	1678000155527
REQUEST		Get table metrics	1678000155036	1678000155689	OK	 
REQUEST		SignUp with credentials	1678000154817	1678000155905	OK	 
REQUEST		Get table metrics	1678000155483	1678000155925	OK	 
REQUEST		Init login	1678000155528	1678000156025	OK	 
REQUEST		Get box metrics	1678000155691	1678000156096	OK	 
REQUEST		Get table metrics	1678000155582	1678000156104	OK	 
REQUEST		Get box metrics	1678000155927	1678000156226	OK	 
REQUEST		Get Solutions list	1678000156098	1678000156398	OK	 
USER	SignUp user scenario	END	1678000156402
USER	SignUp user scenario	START	1678000156402
REQUEST		Get box metrics	1678000156106	1678000156449	OK	 
REQUEST		Get Solutions list	1678000156450	1678000156551	OK	 
USER	SignUp user scenario	END	1678000156555
USER	SignUp user scenario	START	1678000156556
REQUEST		Get Solutions list	1678000156227	1678000156558	OK	 
USER	SignUp user scenario	END	1678000156561
USER	SignUp user scenario	START	1678000156562
REQUEST		SignUp with credentials	1678000156030	1678000156651	OK	 
REQUEST		Init login	1678000156403	1678000156686	OK	 
REQUEST		Init login	1678000156563	1678000156837	OK	 
REQUEST		Init login	1678000156556	1678000156943	OK	 
REQUEST		Get table metrics	1678000156940	1678000157200	OK	 
REQUEST		SignUp with credentials	1678000156691	1678000157356	OK	 
REQUEST		SignUp with credentials	1678000156841	1678000157412	OK	 
REQUEST		Get box metrics	1678000157202	1678000157453	OK	 
REQUEST		Get table metrics	1678000157228	1678000157481	OK	 
USER	SignUp user scenario	START	1678000157528
REQUEST		Get Solutions list	1678000157457	1678000157566	OK	 
USER	SignUp user scenario	END	1678000157569
USER	SignUp user scenario	START	1678000157569
REQUEST		Get table metrics	1678000157553	1678000157671	OK	 
REQUEST		SignUp with credentials	1678000156949	1678000157682	OK	 
REQUEST		Get box metrics	1678000157483	1678000157729	OK	 
REQUEST		Init login	1678000157528	1678000157801	OK	 
REQUEST		Init login	1678000157570	1678000157854	OK	 
REQUEST		Get box metrics	1678000157673	1678000157936	OK	 
REQUEST		Get Solutions list	1678000157731	1678000157976	OK	 
USER	SignUp user scenario	END	1678000157978
USER	SignUp user scenario	START	1678000157979
REQUEST		Init login	1678000157980	1678000158109	OK	 
REQUEST		Get Solutions list	1678000157938	1678000158177	OK	 
USER	SignUp user scenario	END	1678000158180
USER	SignUp user scenario	START	1678000158180
REQUEST		SignUp with credentials	1678000157860	1678000158346	OK	 
REQUEST		Init login	1678000158181	1678000158350	OK	 
REQUEST		SignUp with credentials	1678000157807	1678000158410	OK	 
REQUEST		SignUp with credentials	1678000158114	1678000158684	OK	 
REQUEST		SignUp with credentials	1678000158355	1678000158928	OK	 
REQUEST		Get table metrics	1678000158952	1678000159213	OK	 
REQUEST		Get table metrics	1678000159134	1678000159392	OK	 
REQUEST		Get box metrics	1678000159214	1678000159509	OK	 
USER	SignUp user scenario	START	1678000159528
REQUEST		Get box metrics	1678000159395	1678000159639	OK	 
REQUEST		Get Solutions list	1678000159512	1678000159760	OK	 
USER	SignUp user scenario	END	1678000159765
USER	SignUp user scenario	START	1678000159766
REQUEST		Init login	1678000159529	1678000159867	OK	 
REQUEST		Get Solutions list	1678000159642	1678000159968	OK	 
USER	SignUp user scenario	END	1678000159971
USER	SignUp user scenario	START	1678000159972
REQUEST		Init login	1678000159767	1678000160058	OK	 
REQUEST		Init login	1678000159973	1678000160255	OK	 
REQUEST		SignUp with credentials	1678000159871	1678000160472	OK	 
REQUEST		Get table metrics	1678000160555	1678000160809	OK	 
REQUEST		SignUp with credentials	1678000160061	1678000160947	OK	 
REQUEST		Get box metrics	1678000160811	1678000161103	OK	 
REQUEST		SignUp with credentials	1678000160258	1678000161116	OK	 
REQUEST		Get Solutions list	1678000161106	1678000161369	OK	 
USER	SignUp user scenario	END	1678000161373
USER	SignUp user scenario	START	1678000161374
REQUEST		Get table metrics	1678000161275	1678000161582	OK	 
REQUEST		Init login	1678000161374	1678000161688	OK	 
REQUEST		Get table metrics	1678000161651	1678000161820	OK	 
REQUEST		Get table metrics	1678000161424	1678000161834	OK	 
REQUEST		Get box metrics	1678000161585	1678000161935	OK	 
REQUEST		Get box metrics	1678000161823	1678000162082	OK	 
REQUEST		Get box metrics	1678000161837	1678000162213	OK	 
REQUEST		Get Solutions list	1678000161937	1678000162271	OK	 
USER	SignUp user scenario	END	1678000162275
USER	SignUp user scenario	START	1678000162276
REQUEST		SignUp with credentials	1678000161690	1678000162279	OK	 
REQUEST		Get Solutions list	1678000162084	1678000162371	OK	 
USER	SignUp user scenario	END	1678000162375
USER	SignUp user scenario	START	1678000162375
REQUEST		Get Solutions list	1678000162216	1678000162476	OK	 
USER	SignUp user scenario	END	1678000162478
USER	SignUp user scenario	START	1678000162479
REQUEST		Init login	1678000162277	1678000162567	OK	 
REQUEST		Init login	1678000162377	1678000162659	OK	 
REQUEST		Init login	1678000162480	1678000162754	OK	 
REQUEST		SignUp with credentials	1678000162570	1678000163156	OK	 
REQUEST		SignUp with credentials	1678000162662	1678000163245	OK	 
REQUEST		Get table metrics	1678000162801	1678000163286	OK	 
REQUEST		SignUp with credentials	1678000162759	1678000163488	OK	 
REQUEST		Get table metrics	1678000163280	1678000163582	OK	 
REQUEST		Get box metrics	1678000163288	1678000163602	OK	 
REQUEST		Get box metrics	1678000163584	1678000163849	OK	 
REQUEST		Get Solutions list	1678000163603	1678000163969	OK	 
USER	SignUp user scenario	END	1678000163971
USER	SignUp user scenario	START	1678000163971
REQUEST		Get table metrics	1678000163628	1678000164034	OK	 
REQUEST		Get table metrics	1678000163790	1678000164090	OK	 
REQUEST		Get Solutions list	1678000163851	1678000164126	OK	 
USER	SignUp user scenario	END	1678000164128
USER	SignUp user scenario	START	1678000164129
REQUEST		Get table metrics	1678000163962	1678000164214	OK	 
REQUEST		Get box metrics	1678000164037	1678000164286	OK	 
REQUEST		Get box metrics	1678000164093	1678000164358	OK	 
REQUEST		Init login	1678000164130	1678000164404	OK	 
REQUEST		Get box metrics	1678000164216	1678000164476	OK	 
REQUEST		Get Solutions list	1678000164288	1678000164541	OK	 
USER	SignUp user scenario	END	1678000164544
USER	SignUp user scenario	START	1678000164545
REQUEST		Init login	1678000163972	1678000164585	OK	 
REQUEST		Get Solutions list	1678000164360	1678000164658	OK	 
USER	SignUp user scenario	END	1678000164662
USER	SignUp user scenario	START	1678000164663
REQUEST		Get Solutions list	1678000164478	1678000164726	OK	 
USER	SignUp user scenario	END	1678000164730
USER	SignUp user scenario	START	1678000164731
REQUEST		Init login	1678000164546	1678000164891	OK	 
REQUEST		Init login	1678000164664	1678000164997	OK	 
REQUEST		Init login	1678000164732	1678000165032	OK	 
REQUEST		SignUp with credentials	1678000164406	1678000165130	OK	 
REQUEST		SignUp with credentials	1678000164590	1678000165289	OK	 
REQUEST		SignUp with credentials	1678000164895	1678000165550	OK	 
REQUEST		Get table metrics	1678000165116	1678000165580	OK	 
REQUEST		SignUp with credentials	1678000164999	1678000165719	OK	 
REQUEST		Get table metrics	1678000165449	1678000165774	OK	 
REQUEST		Get box metrics	1678000165582	1678000165854	OK	 
REQUEST		SignUp with credentials	1678000165035	1678000165921	OK	 
REQUEST		Get box metrics	1678000165777	1678000166058	OK	 
REQUEST		Get Solutions list	1678000165856	1678000166201	OK	 
USER	SignUp user scenario	END	1678000166205
USER	SignUp user scenario	START	1678000166205
REQUEST		Get Solutions list	1678000166061	1678000166312	OK	 
USER	SignUp user scenario	END	1678000166315
USER	SignUp user scenario	START	1678000166316
REQUEST		Init login	1678000166206	1678000166499	OK	 
REQUEST		Init login	1678000166317	1678000166624	OK	 
REQUEST		SignUp with credentials	1678000166503	1678000167091	OK	 
REQUEST		Get table metrics	1678000166741	1678000167214	OK	 
REQUEST		Get table metrics	1678000167090	1678000167352	OK	 
REQUEST		SignUp with credentials	1678000166628	1678000167382	OK	 
REQUEST		Get box metrics	1678000167216	1678000167467	OK	 
REQUEST		Get table metrics	1678000167345	1678000167601	OK	 
REQUEST		Get Solutions list	1678000167469	1678000167710	OK	 
USER	SignUp user scenario	END	1678000167714
USER	SignUp user scenario	START	1678000167715
REQUEST		Get box metrics	1678000167354	1678000167726	OK	 
REQUEST		Get box metrics	1678000167603	1678000167849	OK	 
REQUEST		Get Solutions list	1678000167729	1678000167970	OK	 
USER	SignUp user scenario	END	1678000167972
USER	SignUp user scenario	START	1678000167972
REQUEST		Init login	1678000167716	1678000168070	OK	 
REQUEST		Get Solutions list	1678000167851	1678000168179	OK	 
USER	SignUp user scenario	END	1678000168182
USER	SignUp user scenario	START	1678000168182
REQUEST		Init login	1678000167973	1678000168253	OK	 
REQUEST		Init login	1678000168182	1678000168475	OK	 
REQUEST		SignUp with credentials	1678000168072	1678000168653	OK	 
REQUEST		SignUp with credentials	1678000168255	1678000168925	OK	 
REQUEST		Get table metrics	1678000168690	1678000168945	OK	 
REQUEST		SignUp with credentials	1678000168478	1678000169084	OK	 
REQUEST		Get box metrics	1678000168947	1678000169196	OK	 
REQUEST		Get table metrics	1678000169023	1678000169285	OK	 
REQUEST		Get table metrics	1678000169285	1678000169401	OK	 
REQUEST		Get Solutions list	1678000169198	1678000169434	OK	 
USER	SignUp user scenario	END	1678000169438
USER	SignUp user scenario	START	1678000169439
REQUEST		Get box metrics	1678000169288	1678000169554	OK	 
REQUEST		Get box metrics	1678000169403	1678000169666	OK	 
REQUEST		Init login	1678000169439	1678000169769	OK	 
REQUEST		Get Solutions list	1678000169556	1678000169792	OK	 
USER	SignUp user scenario	END	1678000169796
USER	SignUp user scenario	START	1678000169797
REQUEST		Get table metrics	1678000169629	1678000169882	OK	 
REQUEST		Get Solutions list	1678000169668	1678000169911	OK	 
USER	SignUp user scenario	END	1678000169914
USER	SignUp user scenario	START	1678000169914
REQUEST		Get table metrics	1678000169802	1678000170057	OK	 
REQUEST		Get box metrics	1678000169884	1678000170170	OK	 
REQUEST		Init login	1678000169915	1678000170274	OK	 
REQUEST		SignUp with credentials	1678000169771	1678000170347	OK	 
REQUEST		Init login	1678000169798	1678000170368	OK	 
REQUEST		Get box metrics	1678000170060	1678000170387	OK	 
REQUEST		Get Solutions list	1678000170171	1678000170447	OK	 
USER	SignUp user scenario	END	1678000170449
USER	SignUp user scenario	START	1678000170450
REQUEST		Get Solutions list	1678000170389	1678000170799	OK	 
USER	SignUp user scenario	END	1678000170803
REQUEST		SignUp with credentials	1678000170279	1678000170848	OK	 
REQUEST		Init login	1678000170451	1678000170921	OK	 
REQUEST		SignUp with credentials	1678000170371	1678000170943	OK	 
REQUEST		SignUp with credentials	1678000170924	1678000171487	OK	 
REQUEST		Get table metrics	1678000171090	1678000171510	OK	 
REQUEST		Get table metrics	1678000171414	1678000171673	OK	 
REQUEST		Get box metrics	1678000171512	1678000171789	OK	 
REQUEST		Get box metrics	1678000171676	1678000171923	OK	 
REQUEST		Get table metrics	1678000171693	1678000172022	OK	 
REQUEST		Get Solutions list	1678000171791	1678000172030	OK	 
USER	SignUp user scenario	END	1678000172033
REQUEST		Get Solutions list	1678000171925	1678000172164	OK	 
USER	SignUp user scenario	END	1678000172166
REQUEST		Get box metrics	1678000172025	1678000172271	OK	 
REQUEST		Get table metrics	1678000172112	1678000172383	OK	 
REQUEST		Get Solutions list	1678000172273	1678000172520	OK	 
USER	SignUp user scenario	END	1678000172522
REQUEST		Get box metrics	1678000172385	1678000172640	OK	 
REQUEST		Get table metrics	1678000172535	1678000172790	OK	 
REQUEST		Get Solutions list	1678000172642	1678000172884	OK	 
USER	SignUp user scenario	END	1678000172887
REQUEST		Get box metrics	1678000172792	1678000173036	OK	 
REQUEST		Get Solutions list	1678000173038	1678000173277	OK	 
USER	SignUp user scenario	END	1678000173279
REQUEST		Get table metrics	1678000173838	1678000174090	OK	 
REQUEST		Get table metrics	1678000174001	1678000174258	OK	 
REQUEST		Get box metrics	1678000174092	1678000174385	OK	 
REQUEST		Get box metrics	1678000174260	1678000174518	OK	 
REQUEST		Get table metrics	1678000174282	1678000174601	OK	 
REQUEST		Get Solutions list	1678000174387	1678000174633	OK	 
USER	SignUp user scenario	END	1678000174636
REQUEST		Get Solutions list	1678000174520	1678000174769	OK	 
USER	SignUp user scenario	END	1678000174771
REQUEST		Get box metrics	1678000174603	1678000174862	OK	 
REQUEST		Get table metrics	1678000174654	1678000174947	OK	 
REQUEST		Get Solutions list	1678000174864	1678000175131	OK	 
USER	SignUp user scenario	END	1678000175134
REQUEST		Get box metrics	1678000174949	1678000175249	OK	 
REQUEST		Get Solutions list	1678000175250	1678000175489	OK	 
USER	SignUp user scenario	END	1678000175493
