ASSERTION	AAEBAAMFAAAAAAAAAAAA
RUN	ai.wand.simulations.SignUpSimulation	signupsimulation	1678000044526	 	3.9.0
USER	SignUp user scenario	START	1678000046962
REQUEST		Init login	1678000046990	1678000047199	OK	 
REQUEST		SignUp with credentials	1678000047337	1678000048147	OK	 
USER	SignUp user scenario	START	1678000048936
REQUEST		Init login	1678000048937	1678000049233	OK	 
REQUEST		SignUp with credentials	1678000049242	1678000049698	OK	 
REQUEST		Get table metrics	1678000050517	1678000050691	OK	 
REQUEST		Get box metrics	1678000050696	1678000050817	OK	 
USER	SignUp user scenario	START	1678000050933
REQUEST		Get Solutions list	1678000050821	1678000051087	OK	 
USER	SignUp user scenario	END	1678000051098
USER	SignUp user scenario	START	1678000051101
REQUEST		Init login	1678000050934	1678000051263	OK	 
REQUEST		Init login	1678000051102	1678000051269	OK	 
REQUEST		SignUp with credentials	1678000051275	1678000051722	OK	 
REQUEST		SignUp with credentials	1678000051271	1678000051983	OK	 
USER	SignUp user scenario	START	1678000052936
REQUEST		Get table metrics	1678000052846	1678000052982	OK	 
REQUEST		Get box metrics	1678000052985	1678000053103	OK	 
REQUEST		Init login	1678000052938	1678000053120	OK	 
REQUEST		Get Solutions list	1678000053107	1678000053353	OK	 
USER	SignUp user scenario	END	1678000053359
USER	SignUp user scenario	START	1678000053360
REQUEST		Init login	1678000053362	1678000053516	OK	 
REQUEST		SignUp with credentials	1678000053125	1678000053643	OK	 
REQUEST		SignUp with credentials	1678000053519	1678000053969	OK	 
REQUEST		Get table metrics	1678000053797	1678000054077	OK	 
REQUEST		Get box metrics	1678000054080	1678000054344	OK	 
REQUEST		Get Solutions list	1678000054347	1678000054597	OK	 
USER	SignUp user scenario	END	1678000054603
USER	SignUp user scenario	START	1678000054605
REQUEST		Init login	1678000054607	1678000054772	OK	 
USER	SignUp user scenario	START	1678000054945
REQUEST		Init login	1678000054946	1678000055099	OK	 
REQUEST		SignUp with credentials	1678000054778	1678000055359	OK	 
REQUEST		Get table metrics	1678000055327	1678000055652	OK	 
REQUEST		SignUp with credentials	1678000055115	1678000055855	OK	 
REQUEST		Get box metrics	1678000055655	1678000055922	OK	 
REQUEST		Get Solutions list	1678000055925	1678000056116	OK	 
USER	SignUp user scenario	END	1678000056121
USER	SignUp user scenario	START	1678000056123
REQUEST		Init login	1678000056124	1678000056419	OK	 
REQUEST		Get table metrics	1678000056736	1678000056874	OK	 
REQUEST		Get table metrics	1678000056443	1678000056965	OK	 
REQUEST		Get box metrics	1678000056878	1678000056997	OK	 
REQUEST		SignUp with credentials	1678000056423	1678000057008	OK	 
REQUEST		Get box metrics	1678000056967	1678000057084	OK	 
REQUEST		Get Solutions list	1678000056999	1678000057101	OK	 
USER	SignUp user scenario	END	1678000057105
USER	SignUp user scenario	START	1678000057107
REQUEST		Get Solutions list	1678000057087	1678000057191	OK	 
USER	SignUp user scenario	END	1678000057195
USER	SignUp user scenario	START	1678000057196
REQUEST		Init login	1678000057108	1678000057398	OK	 
REQUEST		Init login	1678000057197	1678000057538	OK	 
REQUEST		SignUp with credentials	1678000057403	1678000057874	OK	 
REQUEST		SignUp with credentials	1678000057544	1678000058127	OK	 
REQUEST		Get table metrics	1678000058127	1678000058249	OK	 
REQUEST		Get box metrics	1678000058252	1678000058364	OK	 
REQUEST		Get Solutions list	1678000058366	1678000058477	OK	 
USER	SignUp user scenario	END	1678000058480
USER	SignUp user scenario	START	1678000058482
REQUEST		Get table metrics	1678000058348	1678000058615	OK	 
REQUEST		Get box metrics	1678000058618	1678000058724	OK	 
REQUEST		Init login	1678000058483	1678000058758	OK	 
REQUEST		Get Solutions list	1678000058727	1678000058971	OK	 
USER	SignUp user scenario	END	1678000058975
USER	SignUp user scenario	START	1678000058977
REQUEST		Init login	1678000058979	1678000059280	OK	 
REQUEST		SignUp with credentials	1678000058765	1678000059422	OK	 
REQUEST		SignUp with credentials	1678000059284	1678000059861	OK	 
REQUEST		Get table metrics	1678000059786	1678000060057	OK	 
REQUEST		Get box metrics	1678000060060	1678000060313	OK	 
REQUEST		Get Solutions list	1678000060317	1678000060613	OK	 
USER	SignUp user scenario	END	1678000060618
USER	SignUp user scenario	START	1678000060619
REQUEST		Init login	1678000060621	1678000060772	OK	 
REQUEST		Get table metrics	1678000061103	1678000061235	OK	 
REQUEST		SignUp with credentials	1678000060777	1678000061247	OK	 
REQUEST		Get box metrics	1678000061237	1678000061484	OK	 
REQUEST		Get Solutions list	1678000061486	1678000061591	OK	 
USER	SignUp user scenario	END	1678000061594
USER	SignUp user scenario	START	1678000061596
REQUEST		Get table metrics	1678000061446	1678000061707	OK	 
REQUEST		Init login	1678000061597	1678000061748	OK	 
REQUEST		Get box metrics	1678000061710	1678000061818	OK	 
REQUEST		Get Solutions list	1678000061821	1678000062084	OK	 
USER	SignUp user scenario	END	1678000062089
USER	SignUp user scenario	START	1678000062090
REQUEST		SignUp with credentials	1678000061752	1678000062186	OK	 
REQUEST		Init login	1678000062091	1678000062421	OK	 
REQUEST		SignUp with credentials	1678000062425	1678000062856	OK	 
REQUEST		Get table metrics	1678000062736	1678000063011	OK	 
REQUEST		Get table metrics	1678000063033	1678000063165	OK	 
REQUEST		Get box metrics	1678000063014	1678000063277	OK	 
REQUEST		Get box metrics	1678000063168	1678000063419	OK	 
REQUEST		Get Solutions list	1678000063279	1678000063523	OK	 
USER	SignUp user scenario	END	1678000063526
USER	SignUp user scenario	START	1678000063527
REQUEST		Get Solutions list	1678000063420	1678000063658	OK	 
USER	SignUp user scenario	END	1678000063663
USER	SignUp user scenario	START	1678000063665
REQUEST		Init login	1678000063528	1678000063807	OK	 
REQUEST		Init login	1678000063666	1678000063954	OK	 
REQUEST		SignUp with credentials	1678000063811	1678000064440	OK	 
REQUEST		SignUp with credentials	1678000063959	1678000064449	OK	 
REQUEST		Get table metrics	1678000064275	1678000064554	OK	 
REQUEST		Get box metrics	1678000064556	1678000064827	OK	 
REQUEST		Get table metrics	1678000064664	1678000064976	OK	 
REQUEST		Get box metrics	1678000064979	1678000065365	OK	 
REQUEST		Get Solutions list	1678000064831	1678000065381	OK	 
USER	SignUp user scenario	END	1678000065383
USER	SignUp user scenario	START	1678000065384
REQUEST		Get Solutions list	1678000065366	1678000065655	OK	 
USER	SignUp user scenario	END	1678000065657
USER	SignUp user scenario	START	1678000065658
REQUEST		Init login	1678000065384	1678000065785	OK	 
REQUEST		Init login	1678000065659	1678000065928	OK	 
REQUEST		Get table metrics	1678000065904	1678000066436	OK	 
REQUEST		SignUp with credentials	1678000065789	1678000066479	OK	 
REQUEST		Get box metrics	1678000066438	1678000066610	OK	 
REQUEST		SignUp with credentials	1678000065933	1678000066882	OK	 
REQUEST		Get Solutions list	1678000066613	1678000066894	OK	 
USER	SignUp user scenario	END	1678000066898
USER	SignUp user scenario	START	1678000066899
USER	SignUp user scenario	START	1678000066937
REQUEST		Init login	1678000066900	1678000067201	OK	 
REQUEST		Init login	1678000066938	1678000067313	OK	 
REQUEST		Get table metrics	1678000067486	1678000067626	OK	 
REQUEST		Get box metrics	1678000067628	1678000067754	OK	 
REQUEST		SignUp with credentials	1678000067207	1678000067806	OK	 
REQUEST		Get table metrics	1678000067647	1678000067935	OK	 
REQUEST		Get box metrics	1678000067937	1678000068054	OK	 
REQUEST		Get Solutions list	1678000067757	1678000068054	OK	 
USER	SignUp user scenario	END	1678000068057
USER	SignUp user scenario	START	1678000068058
REQUEST		SignUp with credentials	1678000067317	1678000068100	OK	 
REQUEST		Get Solutions list	1678000068056	1678000068229	OK	 
USER	SignUp user scenario	END	1678000068234
USER	SignUp user scenario	START	1678000068235
REQUEST		Init login	1678000068236	1678000068524	OK	 
REQUEST		Init login	1678000068059	1678000068580	OK	 
USER	SignUp user scenario	START	1678000068935
REQUEST		SignUp with credentials	1678000068585	1678000069025	OK	 
REQUEST		SignUp with credentials	1678000068529	1678000069119	OK	 
REQUEST		Get table metrics	1678000068962	1678000069246	OK	 
REQUEST		Init login	1678000068936	1678000069343	OK	 
REQUEST		Get box metrics	1678000069248	1678000069493	OK	 
REQUEST		Get table metrics	1678000069359	1678000069661	OK	 
REQUEST		Get Solutions list	1678000069497	1678000069767	OK	 
USER	SignUp user scenario	END	1678000069770
USER	SignUp user scenario	START	1678000069771
REQUEST		SignUp with credentials	1678000069347	1678000069865	OK	 
REQUEST		Get box metrics	1678000069664	1678000069909	OK	 
REQUEST		Init login	1678000069772	1678000070071	OK	 
REQUEST		Get Solutions list	1678000069911	1678000070174	OK	 
USER	SignUp user scenario	END	1678000070176
USER	SignUp user scenario	START	1678000070177
REQUEST		Init login	1678000070178	1678000070459	OK	 
REQUEST		SignUp with credentials	1678000070075	1678000070661	OK	 
REQUEST		Get table metrics	1678000070682	1678000070940	OK	 
USER	SignUp user scenario	START	1678000070944
REQUEST		Get table metrics	1678000070923	1678000071047	OK	 
REQUEST		SignUp with credentials	1678000070463	1678000071047	OK	 
REQUEST		Get box metrics	1678000071049	1678000071169	OK	 
REQUEST		Get box metrics	1678000070942	1678000071201	OK	 
REQUEST		Init login	1678000070944	1678000071300	OK	 
REQUEST		Get Solutions list	1678000071171	1678000071432	OK	 
USER	SignUp user scenario	END	1678000071436
USER	SignUp user scenario	START	1678000071437
REQUEST		Get Solutions list	1678000071203	1678000071490	OK	 
USER	SignUp user scenario	END	1678000071492
USER	SignUp user scenario	START	1678000071493
REQUEST		Init login	1678000071438	1678000071728	OK	 
REQUEST		Init login	1678000071493	1678000071820	OK	 
REQUEST		SignUp with credentials	1678000071305	1678000071890	OK	 
REQUEST		SignUp with credentials	1678000071825	1678000072261	OK	 
REQUEST		SignUp with credentials	1678000071733	1678000072324	OK	 
REQUEST		Get table metrics	1678000072318	1678000072442	OK	 
REQUEST		Get box metrics	1678000072445	1678000072572	OK	 
REQUEST		Get table metrics	1678000072572	1678000072705	OK	 
REQUEST		Get Solutions list	1678000072574	1678000072813	OK	 
USER	SignUp user scenario	END	1678000072817
USER	SignUp user scenario	START	1678000072818
USER	SignUp user scenario	START	1678000072935
REQUEST		Get box metrics	1678000072708	1678000072953	OK	 
REQUEST		Init login	1678000072819	1678000073100	OK	 
REQUEST		Get table metrics	1678000072914	1678000073221	OK	 
REQUEST		Get Solutions list	1678000072955	1678000073328	OK	 
USER	SignUp user scenario	END	1678000073331
USER	SignUp user scenario	START	1678000073331
REQUEST		Get box metrics	1678000073223	1678000073336	OK	 
REQUEST		Init login	1678000072935	1678000073409	OK	 
REQUEST		Init login	1678000073331	1678000073546	OK	 
REQUEST		SignUp with credentials	1678000073103	1678000073575	OK	 
REQUEST		Get Solutions list	1678000073337	1678000073579	OK	 
USER	SignUp user scenario	END	1678000073582
USER	SignUp user scenario	START	1678000073583
REQUEST		SignUp with credentials	1678000073411	1678000073920	OK	 
REQUEST		Init login	1678000073584	1678000074109	OK	 
REQUEST		SignUp with credentials	1678000073549	1678000074149	OK	 
REQUEST		Get table metrics	1678000074147	1678000074274	OK	 
REQUEST		Get table metrics	1678000074510	1678000074646	OK	 
REQUEST		SignUp with credentials	1678000074112	1678000074679	OK	 
REQUEST		Get box metrics	1678000074276	1678000074787	OK	 
REQUEST		Get box metrics	1678000074648	1678000074910	OK	 
USER	SignUp user scenario	START	1678000074945
REQUEST		Get table metrics	1678000074773	1678000075034	OK	 
REQUEST		Get Solutions list	1678000074790	1678000075161	OK	 
USER	SignUp user scenario	END	1678000075164
USER	SignUp user scenario	START	1678000075165
REQUEST		Init login	1678000074945	1678000075265	OK	 
REQUEST		Get Solutions list	1678000074912	1678000075273	OK	 
USER	SignUp user scenario	END	1678000075275
USER	SignUp user scenario	START	1678000075275
REQUEST		Get box metrics	1678000075036	1678000075290	OK	 
REQUEST		Init login	1678000075165	1678000075442	OK	 
REQUEST		Get Solutions list	1678000075292	1678000075477	OK	 
USER	SignUp user scenario	END	1678000075480
USER	SignUp user scenario	START	1678000075481
REQUEST		Init login	1678000075276	1678000075552	OK	 
REQUEST		SignUp with credentials	1678000075270	1678000076003	OK	 
REQUEST		Init login	1678000075481	1678000076011	OK	 
REQUEST		SignUp with credentials	1678000075554	1678000076067	OK	 
REQUEST		SignUp with credentials	1678000075444	1678000076179	OK	 
REQUEST		Get table metrics	1678000076117	1678000076411	OK	 
REQUEST		SignUp with credentials	1678000076013	1678000076580	OK	 
REQUEST		Get box metrics	1678000076414	1678000076659	OK	 
REQUEST		Get table metrics	1678000076566	1678000076835	OK	 
REQUEST		Get Solutions list	1678000076662	1678000076939	OK	 
USER	SignUp user scenario	END	1678000076943
USER	SignUp user scenario	START	1678000076944
REQUEST		Get table metrics	1678000076738	1678000077059	OK	 
REQUEST		Get box metrics	1678000076837	1678000077167	OK	 
REQUEST		Init login	1678000076945	1678000077216	OK	 
REQUEST		Get box metrics	1678000077061	1678000077309	OK	 
REQUEST		Get Solutions list	1678000077169	1678000077644	OK	 
USER	SignUp user scenario	END	1678000077648
USER	SignUp user scenario	START	1678000077649
REQUEST		Get table metrics	1678000077227	1678000077669	OK	 
REQUEST		Get Solutions list	1678000077312	1678000077756	OK	 
USER	SignUp user scenario	END	1678000077761
USER	SignUp user scenario	START	1678000077761
REQUEST		SignUp with credentials	1678000077220	1678000077793	OK	 
REQUEST		Get box metrics	1678000077671	1678000077924	OK	 
REQUEST		Init login	1678000077650	1678000078031	OK	 
REQUEST		Init login	1678000077762	1678000078097	OK	 
REQUEST		Get Solutions list	1678000077925	1678000078165	OK	 
USER	SignUp user scenario	END	1678000078168
USER	SignUp user scenario	START	1678000078169
REQUEST		SignUp with credentials	1678000078035	1678000078617	OK	 
REQUEST		Init login	1678000078169	1678000078713	OK	 
REQUEST		Get table metrics	1678000078313	1678000078769	OK	 
REQUEST		SignUp with credentials	1678000078100	1678000078863	OK	 
REQUEST		Get table metrics	1678000078707	1678000078977	OK	 
REQUEST		Get box metrics	1678000078771	1678000079091	OK	 
REQUEST		Get table metrics	1678000079006	1678000079122	OK	 
REQUEST		Get box metrics	1678000078979	1678000079250	OK	 
REQUEST		SignUp with credentials	1678000078717	1678000079295	OK	 
REQUEST		Get Solutions list	1678000079094	1678000079348	OK	 
USER	SignUp user scenario	END	1678000079350
USER	SignUp user scenario	START	1678000079351
REQUEST		Get box metrics	1678000079124	1678000079364	OK	 
REQUEST		Init login	1678000079351	1678000079490	OK	 
REQUEST		Get table metrics	1678000079239	1678000079577	OK	 
REQUEST		Get Solutions list	1678000079253	1678000079609	OK	 
USER	SignUp user scenario	END	1678000079611
USER	SignUp user scenario	START	1678000079611
REQUEST		Get Solutions list	1678000079365	1678000079726	OK	 
USER	SignUp user scenario	END	1678000079728
USER	SignUp user scenario	START	1678000079728
REQUEST		Get box metrics	1678000079580	1678000079845	OK	 
REQUEST		Get table metrics	1678000079614	1678000079865	OK	 
REQUEST		Get Solutions list	1678000079847	1678000079947	OK	 
USER	SignUp user scenario	END	1678000079951
REQUEST		Init login	1678000079612	1678000079947	OK	 
USER	SignUp user scenario	START	1678000079952
REQUEST		Get box metrics	1678000079867	1678000079983	OK	 
REQUEST		Init login	1678000079729	1678000080034	OK	 
REQUEST		Get Solutions list	1678000079985	1678000080087	OK	 
REQUEST		SignUp with credentials	1678000079492	1678000080087	OK	 
USER	SignUp user scenario	END	1678000080089
USER	SignUp user scenario	START	1678000080090
REQUEST		Init login	1678000079953	1678000080237	OK	 
REQUEST		Init login	1678000080091	1678000080239	OK	 
REQUEST		SignUp with credentials	1678000079952	1678000080590	OK	 
REQUEST		SignUp with credentials	1678000080038	1678000080786	OK	 
REQUEST		SignUp with credentials	1678000080243	1678000080969	OK	 
REQUEST		SignUp with credentials	1678000080240	1678000080988	OK	 
REQUEST		Get table metrics	1678000081150	1678000081447	OK	 
REQUEST		Get table metrics	1678000081263	1678000081581	OK	 
REQUEST		Get box metrics	1678000081450	1678000081581	OK	 
REQUEST		Get table metrics	1678000081506	1678000081766	OK	 
REQUEST		Get box metrics	1678000081583	1678000081906	OK	 
REQUEST		Get Solutions list	1678000081583	1678000081996	OK	 
USER	SignUp user scenario	END	1678000082000
USER	SignUp user scenario	START	1678000082000
REQUEST		Get Solutions list	1678000081909	1678000082017	OK	 
USER	SignUp user scenario	END	1678000082021
USER	SignUp user scenario	START	1678000082022
REQUEST		Get table metrics	1678000081729	1678000082026	OK	 
REQUEST		Get box metrics	1678000081767	1678000082082	OK	 
REQUEST		Get box metrics	1678000082027	1678000082280	OK	 
REQUEST		Init login	1678000082001	1678000082378	OK	 
REQUEST		Init login	1678000082022	1678000082439	OK	 
REQUEST		Get Solutions list	1678000082084	1678000082487	OK	 
USER	SignUp user scenario	END	1678000082491
USER	SignUp user scenario	START	1678000082492
REQUEST		Get Solutions list	1678000082282	1678000082523	OK	 
USER	SignUp user scenario	END	1678000082526
USER	SignUp user scenario	START	1678000082527
REQUEST		SignUp with credentials	1678000082383	1678000082969	OK	 
REQUEST		SignUp with credentials	1678000082443	1678000083015	OK	 
REQUEST		Init login	1678000082493	1678000083032	OK	 
REQUEST		Init login	1678000082528	1678000083060	OK	 
REQUEST		Get table metrics	1678000083078	1678000083601	OK	 
REQUEST		SignUp with credentials	1678000083036	1678000083624	OK	 
REQUEST		Get table metrics	1678000083415	1678000083723	OK	 
REQUEST		Get box metrics	1678000083603	1678000083870	OK	 
REQUEST		SignUp with credentials	1678000083062	1678000083890	OK	 
REQUEST		Get box metrics	1678000083725	1678000083973	OK	 
REQUEST		Get Solutions list	1678000083871	1678000083980	OK	 
USER	SignUp user scenario	END	1678000083982
USER	SignUp user scenario	START	1678000083982
REQUEST		Get table metrics	1678000083832	1678000084101	OK	 
REQUEST		Get table metrics	1678000083972	1678000084228	OK	 
REQUEST		Get Solutions list	1678000083975	1678000084338	OK	 
USER	SignUp user scenario	END	1678000084342
USER	SignUp user scenario	START	1678000084343
REQUEST		Init login	1678000083983	1678000084438	OK	 
REQUEST		Get box metrics	1678000084104	1678000084476	OK	 
REQUEST		Get box metrics	1678000084230	1678000084509	OK	 
REQUEST		Init login	1678000084344	1678000084633	OK	 
REQUEST		Get table metrics	1678000084344	1678000084636	OK	 
REQUEST		Get Solutions list	1678000084511	1678000084644	OK	 
USER	SignUp user scenario	END	1678000084647
USER	SignUp user scenario	START	1678000084648
REQUEST		Get Solutions list	1678000084478	1678000084756	OK	 
USER	SignUp user scenario	END	1678000084760
USER	SignUp user scenario	START	1678000084761
REQUEST		Init login	1678000084648	1678000084795	OK	 
REQUEST		Get table metrics	1678000084625	1678000084950	OK	 
REQUEST		Get box metrics	1678000084638	1678000084978	OK	 
REQUEST		Init login	1678000084761	1678000085053	OK	 
REQUEST		SignUp with credentials	1678000084442	1678000085195	OK	 
REQUEST		Get box metrics	1678000084952	1678000085246	OK	 
REQUEST		Get Solutions list	1678000084981	1678000085248	OK	 
USER	SignUp user scenario	END	1678000085252
USER	SignUp user scenario	START	1678000085253
REQUEST		Init login	1678000085254	1678000085420	OK	 
REQUEST		SignUp with credentials	1678000084638	1678000085469	OK	 
REQUEST		SignUp with credentials	1678000084799	1678000085498	OK	 
REQUEST		Get Solutions list	1678000085248	1678000085534	OK	 
USER	SignUp user scenario	END	1678000085535
USER	SignUp user scenario	START	1678000085536
REQUEST		SignUp with credentials	1678000085059	1678000085816	OK	 
REQUEST		Init login	1678000085537	1678000085940	OK	 
REQUEST		SignUp with credentials	1678000085424	1678000086103	OK	 
REQUEST		Get table metrics	1678000085867	1678000086184	OK	 
REQUEST		Get table metrics	1678000086181	1678000086437	OK	 
REQUEST		SignUp with credentials	1678000085945	1678000086541	OK	 
REQUEST		Get box metrics	1678000086186	1678000086559	OK	 
REQUEST		Get box metrics	1678000086441	1678000086693	OK	 
REQUEST		Get table metrics	1678000086527	1678000086817	OK	 
REQUEST		Get Solutions list	1678000086560	1678000086922	OK	 
USER	SignUp user scenario	END	1678000086925
REQUEST		Get Solutions list	1678000086695	1678000086944	OK	 
USER	SignUp user scenario	END	1678000086948
REQUEST		Get table metrics	1678000086767	1678000087022	OK	 
REQUEST		Get box metrics	1678000086819	1678000087090	OK	 
REQUEST		Get box metrics	1678000087024	1678000087138	OK	 
REQUEST		Get Solutions list	1678000087093	1678000087339	OK	 
USER	SignUp user scenario	END	1678000087343
REQUEST		Get Solutions list	1678000087140	1678000087458	OK	 
USER	SignUp user scenario	END	1678000087462
REQUEST		Get table metrics	1678000088208	1678000088485	OK	 
REQUEST		Get box metrics	1678000088487	1678000088753	OK	 
REQUEST		Get table metrics	1678000088489	1678000088870	OK	 
REQUEST		Get Solutions list	1678000088755	1678000088996	OK	 
USER	SignUp user scenario	END	1678000088998
REQUEST		Get table metrics	1678000088812	1678000089116	OK	 
REQUEST		Get box metrics	1678000088872	1678000089235	OK	 
REQUEST		Get table metrics	1678000089106	1678000089368	OK	 
REQUEST		Get table metrics	1678000089255	1678000089377	OK	 
REQUEST		Get box metrics	1678000089117	1678000089481	OK	 
REQUEST		Get Solutions list	1678000089237	1678000089585	OK	 
USER	SignUp user scenario	END	1678000089589
REQUEST		Get box metrics	1678000089370	1678000089618	OK	 
REQUEST		Get box metrics	1678000089379	1678000089700	OK	 
REQUEST		Get Solutions list	1678000089483	1678000089730	OK	 
USER	SignUp user scenario	END	1678000089732
REQUEST		Get Solutions list	1678000089621	1678000089871	OK	 
USER	SignUp user scenario	END	1678000089875
REQUEST		Get Solutions list	1678000089702	1678000089982	OK	 
USER	SignUp user scenario	END	1678000089984
REQUEST		Get table metrics	1678000090690	1678000090946	OK	 
REQUEST		Get box metrics	1678000090947	1678000091201	OK	 
REQUEST		Get Solutions list	1678000091201	1678000091459	OK	 
USER	SignUp user scenario	END	1678000091463
